<?xml version="1.0" encoding="utf-8"?>
<TestRun id="b38687c0-9684-4e08-ad7f-37ae8af0e4a4" name="@f186517628f8 2019-04-20 11:29:33:742" xmlns="http://microsoft.com/schemas/VisualStudio/TeamTest/2010">
  <Times creation="2019-04-20T11:29:33.7439463+00:00" queuing="2019-04-20T11:29:33.7439465+00:00" start="2019-04-20T11:29:32.3275175+00:00" finish="2019-04-20T11:29:33.8382321+00:00" />
  <TestSettings name="default" id="4a931395-feca-4e16-b12e-5604aeacceb4">
    <Deployment runDeploymentRoot="_f186517628f8_2019-04-20_11_29_33_742" />
  </TestSettings>
  <Results>
    <UnitTestResult executionId="b0738f76-7b5a-48d2-a8e1-73954e73d1fa" testId="add8c0e4-fdbc-6929-f132-2c65282e85bb" testName="XunitTrx.FactTests.Test" computerName="f186517628f8" duration="00:00:00.0100000" startTime="2019-04-20T11:29:33.5687780+00:00" endTime="2019-04-20T11:29:33.5687787+00:00" testType="13cdc9d9-ddb5-4fa4-a97d-d965ccfc6d4b" outcome="Passed" testListId="8c84fa94-04c1-424b-9868-57a2d4851a1d" relativeResultsDirectory="b0738f76-7b5a-48d2-a8e1-73954e73d1fa" />
    <UnitTestResult executionId="30c4992b-6afd-4d41-afbb-73d37be8e94e" testId="e6f1fdb6-2d5a-c755-28e5-ebebae012b54" testName="XunitTrx.MemberDataTests.NonSerializedMethodTests(obj: NonSerializable { A = 1, B = 1 })" computerName="f186517628f8" duration="00:00:00.0010000" startTime="2019-04-20T11:29:33.6958340+00:00" endTime="2019-04-20T11:29:33.6958350+00:00" testType="13cdc9d9-ddb5-4fa4-a97d-d965ccfc6d4b" outcome="Passed" testListId="8c84fa94-04c1-424b-9868-57a2d4851a1d" relativeResultsDirectory="30c4992b-6afd-4d41-afbb-73d37be8e94e" />
    <UnitTestResult executionId="a0f8b38e-33c5-496a-be02-8473703a0da0" testId="089f719a-6539-7f91-212b-a6ec8f1217d2" testName="XunitTrx.InlineDataTests.MultiParamTests(a: 1, b: 1)" computerName="f186517628f8" duration="00:00:00.0010000" startTime="2019-04-20T11:29:33.6132093+00:00" endTime="2019-04-20T11:29:33.6132098+00:00" testType="13cdc9d9-ddb5-4fa4-a97d-d965ccfc6d4b" outcome="Passed" testListId="8c84fa94-04c1-424b-9868-57a2d4851a1d" relativeResultsDirectory="a0f8b38e-33c5-496a-be02-8473703a0da0" />
    <UnitTestResult executionId="db161e0e-e319-43ff-aef1-abf5eecf496c" testId="1fabe1d6-ad75-1c51-28fe-1ec41a8736b0" testName="XunitTrx.MemberDataTests.SerializedMethodTests(a: 1, b: 2)" computerName="f186517628f8" duration="00:00:00.0010000" startTime="2019-04-20T11:29:33.6178080+00:00" endTime="2019-04-20T11:29:33.6178087+00:00" testType="13cdc9d9-ddb5-4fa4-a97d-d965ccfc6d4b" outcome="Failed" testListId="8c84fa94-04c1-424b-9868-57a2d4851a1d" relativeResultsDirectory="db161e0e-e319-43ff-aef1-abf5eecf496c">
      <Output>
        <ErrorInfo>
          <Message>Assert.Equal() Failure
Expected: 1
Actual:   2</Message>
          <StackTrace>   at XunitTrx.MemberDataTests.SerializedMethodTests(Int32 a, Int32 b) in /home/XunitTrx/XunitTrx/MemberDataTests.cs:line 37</StackTrace>
        </ErrorInfo>
      </Output>
    </UnitTestResult>
    <UnitTestResult executionId="254e242b-3bcd-425e-bb6a-9fbe0dd60542" testId="e6f1fdb6-2d5a-c755-28e5-ebebae012b54" testName="XunitTrx.MemberDataTests.NonSerializedMethodTests(obj: NonSerializable { A = 1, B = 2 })" computerName="f186517628f8" duration="00:00:00.0010000" startTime="2019-04-20T11:29:33.7023068+00:00" endTime="2019-04-20T11:29:33.7023074+00:00" testType="13cdc9d9-ddb5-4fa4-a97d-d965ccfc6d4b" outcome="Failed" testListId="8c84fa94-04c1-424b-9868-57a2d4851a1d" relativeResultsDirectory="254e242b-3bcd-425e-bb6a-9fbe0dd60542">
      <Output>
        <ErrorInfo>
          <Message>Assert.Equal() Failure
Expected: 1
Actual:   2</Message>
          <StackTrace>   at XunitTrx.MemberDataTests.NonSerializedMethodTests(NonSerializable obj) in /home/XunitTrx/XunitTrx/MemberDataTests.cs:line 44</StackTrace>
        </ErrorInfo>
      </Output>
    </UnitTestResult>
    <UnitTestResult executionId="e18401d4-ae32-489e-8264-900511d2b966" testId="a1af20e5-120f-9d74-4d32-9f8143e2bd37" testName="XunitTrx.InlineDataTests.SingleParamTests(expected: False)" computerName="f186517628f8" duration="00:00:00.0010000" startTime="2019-04-20T11:29:33.6215358+00:00" endTime="2019-04-20T11:29:33.6215363+00:00" testType="13cdc9d9-ddb5-4fa4-a97d-d965ccfc6d4b" outcome="Failed" testListId="8c84fa94-04c1-424b-9868-57a2d4851a1d" relativeResultsDirectory="e18401d4-ae32-489e-8264-900511d2b966">
      <Output>
        <ErrorInfo>
          <Message>Assert.True() Failure
Expected: True
Actual:   False</Message>
          <StackTrace>   at XunitTrx.InlineDataTests.SingleParamTests(Boolean expected) in /home/XunitTrx/XunitTrx/InlineDataTests.cs:line 12</StackTrace>
        </ErrorInfo>
      </Output>
    </UnitTestResult>
    <UnitTestResult executionId="9beb5281-922b-4989-b06d-5028951821e6" testId="26e09cbc-42bb-5d15-5acf-b49f548e415b" testName="XunitTrx.InlineDataTests.MultiParamTests(a: 1, b: 2)" computerName="f186517628f8" duration="00:00:00.0180000" startTime="2019-04-20T11:29:33.6115925+00:00" endTime="2019-04-20T11:29:33.6115931+00:00" testType="13cdc9d9-ddb5-4fa4-a97d-d965ccfc6d4b" outcome="Failed" testListId="8c84fa94-04c1-424b-9868-57a2d4851a1d" relativeResultsDirectory="9beb5281-922b-4989-b06d-5028951821e6">
      <Output>
        <ErrorInfo>
          <Message>Assert.Equal() Failure
Expected: 1
Actual:   2</Message>
          <StackTrace>   at XunitTrx.InlineDataTests.MultiParamTests(Int32 a, Int32 b) in /home/XunitTrx/XunitTrx/InlineDataTests.cs:line 20</StackTrace>
        </ErrorInfo>
      </Output>
    </UnitTestResult>
    <UnitTestResult executionId="2f0f1ebd-fa81-4653-b537-efffc9b9cb2a" testId="5a34f44b-309e-eae1-deb8-b546112852e1" testName="XunitTrx.MemberDataTests.SerializedPropertyTests(a: 1, b: 2)" computerName="f186517628f8" duration="00:00:00.0020000" startTime="2019-04-20T11:29:33.6089967+00:00" endTime="2019-04-20T11:29:33.6089972+00:00" testType="13cdc9d9-ddb5-4fa4-a97d-d965ccfc6d4b" outcome="Failed" testListId="8c84fa94-04c1-424b-9868-57a2d4851a1d" relativeResultsDirectory="2f0f1ebd-fa81-4653-b537-efffc9b9cb2a">
      <Output>
        <ErrorInfo>
          <Message>Assert.Equal() Failure
Expected: 1
Actual:   2</Message>
          <StackTrace>   at XunitTrx.MemberDataTests.SerializedPropertyTests(Int32 a, Int32 b) in /home/XunitTrx/XunitTrx/MemberDataTests.cs:line 51</StackTrace>
        </ErrorInfo>
      </Output>
    </UnitTestResult>
    <UnitTestResult executionId="4c6884e0-94d9-4795-8483-1d90ddce4ac6" testId="f6d2fa7d-e4af-47de-736d-317eb1196d18" testName="XunitTrx.MemberDataTests.NonSerializedPropertyTests(obj: NonSerializable { A = 1, B = 2 })" computerName="f186517628f8" duration="00:00:00.0010000" startTime="2019-04-20T11:29:33.7055160+00:00" endTime="2019-04-20T11:29:33.7055166+00:00" testType="13cdc9d9-ddb5-4fa4-a97d-d965ccfc6d4b" outcome="Failed" testListId="8c84fa94-04c1-424b-9868-57a2d4851a1d" relativeResultsDirectory="4c6884e0-94d9-4795-8483-1d90ddce4ac6">
      <Output>
        <ErrorInfo>
          <Message>Assert.Equal() Failure
Expected: 1
Actual:   2</Message>
          <StackTrace>   at XunitTrx.MemberDataTests.NonSerializedPropertyTests(NonSerializable obj) in /home/XunitTrx/XunitTrx/MemberDataTests.cs:line 58</StackTrace>
        </ErrorInfo>
      </Output>
    </UnitTestResult>
    <UnitTestResult executionId="ee78388d-d8d4-4dc5-9e63-d15d17efc0b7" testId="998c3db7-139a-c973-29ca-4ae76ff39432" testName="XunitTrx.MemberDataTests.SerializedMethodTests(a: 1, b: 1)" computerName="f186517628f8" duration="00:00:00.0010000" startTime="2019-04-20T11:29:33.6184894+00:00" endTime="2019-04-20T11:29:33.6184899+00:00" testType="13cdc9d9-ddb5-4fa4-a97d-d965ccfc6d4b" outcome="Passed" testListId="8c84fa94-04c1-424b-9868-57a2d4851a1d" relativeResultsDirectory="ee78388d-d8d4-4dc5-9e63-d15d17efc0b7" />
    <UnitTestResult executionId="716ce3a7-8357-4333-821b-dcda39750ac8" testId="2eee1320-a349-7167-9637-2576dfb8ffa4" testName="XunitTrx.InlineDataTests.SingleParamTests(expected: True)" computerName="f186517628f8" duration="00:00:00.0010000" startTime="2019-04-20T11:29:33.6138948+00:00" endTime="2019-04-20T11:29:33.6138952+00:00" testType="13cdc9d9-ddb5-4fa4-a97d-d965ccfc6d4b" outcome="Passed" testListId="8c84fa94-04c1-424b-9868-57a2d4851a1d" relativeResultsDirectory="716ce3a7-8357-4333-821b-dcda39750ac8" />
    <UnitTestResult executionId="3a9a6150-ff21-45fb-b7c8-a4b62849df98" testId="f6d2fa7d-e4af-47de-736d-317eb1196d18" testName="XunitTrx.MemberDataTests.NonSerializedPropertyTests(obj: NonSerializable { A = 1, B = 1 })" computerName="f186517628f8" duration="00:00:00.0010000" startTime="2019-04-20T11:29:33.7036039+00:00" endTime="2019-04-20T11:29:33.7036042+00:00" testType="13cdc9d9-ddb5-4fa4-a97d-d965ccfc6d4b" outcome="Passed" testListId="8c84fa94-04c1-424b-9868-57a2d4851a1d" relativeResultsDirectory="3a9a6150-ff21-45fb-b7c8-a4b62849df98" />
    <UnitTestResult executionId="91e4fc1c-4d73-4ea9-99c2-1cabe53e3fc1" testId="224f6d8b-015e-862c-a648-52067fc1b4b5" testName="XunitTrx.MemberDataTests.SerializedPropertyTests(a: 1, b: 1)" computerName="f186517628f8" duration="00:00:00.0100000" startTime="2019-04-20T11:29:33.5780865+00:00" endTime="2019-04-20T11:29:33.5780871+00:00" testType="13cdc9d9-ddb5-4fa4-a97d-d965ccfc6d4b" outcome="Passed" testListId="8c84fa94-04c1-424b-9868-57a2d4851a1d" relativeResultsDirectory="91e4fc1c-4d73-4ea9-99c2-1cabe53e3fc1" />
  </Results>
  <TestDefinitions>
    <UnitTest name="XunitTrx.InlineDataTests.MultiParamTests(a: 1, b: 1)" storage="/home/xunittrx/xunittrx/bin/debug/netcoreapp2.2/xunittrx.dll" id="089f719a-6539-7f91-212b-a6ec8f1217d2">
      <Execution id="a0f8b38e-33c5-496a-be02-8473703a0da0" />
      <TestMethod codeBase="/home/XunitTrx/XunitTrx/bin/Debug/netcoreapp2.2/XunitTrx.dll" adapterTypeName="executor://xunit/VsTestRunner2/netcoreapp" className="XunitTrx.InlineDataTests" name="XunitTrx.InlineDataTests.MultiParamTests(a: 1, b: 1)" />
    </UnitTest>
    <UnitTest name="XunitTrx.MemberDataTests.SerializedMethodTests(a: 1, b: 1)" storage="/home/xunittrx/xunittrx/bin/debug/netcoreapp2.2/xunittrx.dll" id="998c3db7-139a-c973-29ca-4ae76ff39432">
      <Execution id="ee78388d-d8d4-4dc5-9e63-d15d17efc0b7" />
      <TestMethod codeBase="/home/XunitTrx/XunitTrx/bin/Debug/netcoreapp2.2/XunitTrx.dll" adapterTypeName="executor://xunit/VsTestRunner2/netcoreapp" className="XunitTrx.MemberDataTests" name="XunitTrx.MemberDataTests.SerializedMethodTests(a: 1, b: 1)" />
    </UnitTest>
    <UnitTest name="XunitTrx.MemberDataTests.SerializedMethodTests(a: 1, b: 2)" storage="/home/xunittrx/xunittrx/bin/debug/netcoreapp2.2/xunittrx.dll" id="1fabe1d6-ad75-1c51-28fe-1ec41a8736b0">
      <Execution id="db161e0e-e319-43ff-aef1-abf5eecf496c" />
      <TestMethod codeBase="/home/XunitTrx/XunitTrx/bin/Debug/netcoreapp2.2/XunitTrx.dll" adapterTypeName="executor://xunit/VsTestRunner2/netcoreapp" className="XunitTrx.MemberDataTests" name="XunitTrx.MemberDataTests.SerializedMethodTests(a: 1, b: 2)" />
    </UnitTest>
    <UnitTest name="XunitTrx.InlineDataTests.SingleParamTests(expected: True)" storage="/home/xunittrx/xunittrx/bin/debug/netcoreapp2.2/xunittrx.dll" id="2eee1320-a349-7167-9637-2576dfb8ffa4">
      <Execution id="716ce3a7-8357-4333-821b-dcda39750ac8" />
      <TestMethod codeBase="/home/XunitTrx/XunitTrx/bin/Debug/netcoreapp2.2/XunitTrx.dll" adapterTypeName="executor://xunit/VsTestRunner2/netcoreapp" className="XunitTrx.InlineDataTests" name="XunitTrx.InlineDataTests.SingleParamTests(expected: True)" />
    </UnitTest>
    <UnitTest name="XunitTrx.MemberDataTests.SerializedPropertyTests(a: 1, b: 2)" storage="/home/xunittrx/xunittrx/bin/debug/netcoreapp2.2/xunittrx.dll" id="5a34f44b-309e-eae1-deb8-b546112852e1">
      <Execution id="2f0f1ebd-fa81-4653-b537-efffc9b9cb2a" />
      <TestMethod codeBase="/home/XunitTrx/XunitTrx/bin/Debug/netcoreapp2.2/XunitTrx.dll" adapterTypeName="executor://xunit/VsTestRunner2/netcoreapp" className="XunitTrx.MemberDataTests" name="XunitTrx.MemberDataTests.SerializedPropertyTests(a: 1, b: 2)" />
    </UnitTest>
    <UnitTest name="XunitTrx.MemberDataTests.NonSerializedMethodTests" storage="/home/xunittrx/xunittrx/bin/debug/netcoreapp2.2/xunittrx.dll" id="e6f1fdb6-2d5a-c755-28e5-ebebae012b54">
      <Execution id="30c4992b-6afd-4d41-afbb-73d37be8e94e" />
      <TestMethod codeBase="/home/XunitTrx/XunitTrx/bin/Debug/netcoreapp2.2/XunitTrx.dll" adapterTypeName="executor://xunit/VsTestRunner2/netcoreapp" className="XunitTrx" name="XunitTrx.MemberDataTests.NonSerializedMethodTests" />
    </UnitTest>
    <UnitTest name="XunitTrx.FactTests.Test" storage="/home/xunittrx/xunittrx/bin/debug/netcoreapp2.2/xunittrx.dll" id="add8c0e4-fdbc-6929-f132-2c65282e85bb">
      <Execution id="b0738f76-7b5a-48d2-a8e1-73954e73d1fa" />
      <TestMethod codeBase="/home/XunitTrx/XunitTrx/bin/Debug/netcoreapp2.2/XunitTrx.dll" adapterTypeName="executor://xunit/VsTestRunner2/netcoreapp" className="XunitTrx" name="XunitTrx.FactTests.Test" />
    </UnitTest>
    <UnitTest name="XunitTrx.InlineDataTests.MultiParamTests(a: 1, b: 2)" storage="/home/xunittrx/xunittrx/bin/debug/netcoreapp2.2/xunittrx.dll" id="26e09cbc-42bb-5d15-5acf-b49f548e415b">
      <Execution id="9beb5281-922b-4989-b06d-5028951821e6" />
      <TestMethod codeBase="/home/XunitTrx/XunitTrx/bin/Debug/netcoreapp2.2/XunitTrx.dll" adapterTypeName="executor://xunit/VsTestRunner2/netcoreapp" className="XunitTrx.InlineDataTests" name="XunitTrx.InlineDataTests.MultiParamTests(a: 1, b: 2)" />
    </UnitTest>
    <UnitTest name="XunitTrx.InlineDataTests.SingleParamTests(expected: False)" storage="/home/xunittrx/xunittrx/bin/debug/netcoreapp2.2/xunittrx.dll" id="a1af20e5-120f-9d74-4d32-9f8143e2bd37">
      <Execution id="e18401d4-ae32-489e-8264-900511d2b966" />
      <TestMethod codeBase="/home/XunitTrx/XunitTrx/bin/Debug/netcoreapp2.2/XunitTrx.dll" adapterTypeName="executor://xunit/VsTestRunner2/netcoreapp" className="XunitTrx.InlineDataTests" name="XunitTrx.InlineDataTests.SingleParamTests(expected: False)" />
    </UnitTest>
    <UnitTest name="XunitTrx.MemberDataTests.NonSerializedPropertyTests" storage="/home/xunittrx/xunittrx/bin/debug/netcoreapp2.2/xunittrx.dll" id="f6d2fa7d-e4af-47de-736d-317eb1196d18">
      <Execution id="3a9a6150-ff21-45fb-b7c8-a4b62849df98" />
      <TestMethod codeBase="/home/XunitTrx/XunitTrx/bin/Debug/netcoreapp2.2/XunitTrx.dll" adapterTypeName="executor://xunit/VsTestRunner2/netcoreapp" className="XunitTrx" name="XunitTrx.MemberDataTests.NonSerializedPropertyTests" />
    </UnitTest>
    <UnitTest name="XunitTrx.MemberDataTests.SerializedPropertyTests(a: 1, b: 1)" storage="/home/xunittrx/xunittrx/bin/debug/netcoreapp2.2/xunittrx.dll" id="224f6d8b-015e-862c-a648-52067fc1b4b5">
      <Execution id="91e4fc1c-4d73-4ea9-99c2-1cabe53e3fc1" />
      <TestMethod codeBase="/home/XunitTrx/XunitTrx/bin/Debug/netcoreapp2.2/XunitTrx.dll" adapterTypeName="executor://xunit/VsTestRunner2/netcoreapp" className="XunitTrx.MemberDataTests" name="XunitTrx.MemberDataTests.SerializedPropertyTests(a: 1, b: 1)" />
    </UnitTest>
  </TestDefinitions>
  <TestEntries>
    <TestEntry testId="add8c0e4-fdbc-6929-f132-2c65282e85bb" executionId="b0738f76-7b5a-48d2-a8e1-73954e73d1fa" testListId="8c84fa94-04c1-424b-9868-57a2d4851a1d" />
    <TestEntry testId="e6f1fdb6-2d5a-c755-28e5-ebebae012b54" executionId="30c4992b-6afd-4d41-afbb-73d37be8e94e" testListId="8c84fa94-04c1-424b-9868-57a2d4851a1d" />
    <TestEntry testId="089f719a-6539-7f91-212b-a6ec8f1217d2" executionId="a0f8b38e-33c5-496a-be02-8473703a0da0" testListId="8c84fa94-04c1-424b-9868-57a2d4851a1d" />
    <TestEntry testId="1fabe1d6-ad75-1c51-28fe-1ec41a8736b0" executionId="db161e0e-e319-43ff-aef1-abf5eecf496c" testListId="8c84fa94-04c1-424b-9868-57a2d4851a1d" />
    <TestEntry testId="e6f1fdb6-2d5a-c755-28e5-ebebae012b54" executionId="254e242b-3bcd-425e-bb6a-9fbe0dd60542" testListId="8c84fa94-04c1-424b-9868-57a2d4851a1d" />
    <TestEntry testId="a1af20e5-120f-9d74-4d32-9f8143e2bd37" executionId="e18401d4-ae32-489e-8264-900511d2b966" testListId="8c84fa94-04c1-424b-9868-57a2d4851a1d" />
    <TestEntry testId="26e09cbc-42bb-5d15-5acf-b49f548e415b" executionId="9beb5281-922b-4989-b06d-5028951821e6" testListId="8c84fa94-04c1-424b-9868-57a2d4851a1d" />
    <TestEntry testId="5a34f44b-309e-eae1-deb8-b546112852e1" executionId="2f0f1ebd-fa81-4653-b537-efffc9b9cb2a" testListId="8c84fa94-04c1-424b-9868-57a2d4851a1d" />
    <TestEntry testId="f6d2fa7d-e4af-47de-736d-317eb1196d18" executionId="4c6884e0-94d9-4795-8483-1d90ddce4ac6" testListId="8c84fa94-04c1-424b-9868-57a2d4851a1d" />
    <TestEntry testId="998c3db7-139a-c973-29ca-4ae76ff39432" executionId="ee78388d-d8d4-4dc5-9e63-d15d17efc0b7" testListId="8c84fa94-04c1-424b-9868-57a2d4851a1d" />
    <TestEntry testId="2eee1320-a349-7167-9637-2576dfb8ffa4" executionId="716ce3a7-8357-4333-821b-dcda39750ac8" testListId="8c84fa94-04c1-424b-9868-57a2d4851a1d" />
    <TestEntry testId="f6d2fa7d-e4af-47de-736d-317eb1196d18" executionId="3a9a6150-ff21-45fb-b7c8-a4b62849df98" testListId="8c84fa94-04c1-424b-9868-57a2d4851a1d" />
    <TestEntry testId="224f6d8b-015e-862c-a648-52067fc1b4b5" executionId="91e4fc1c-4d73-4ea9-99c2-1cabe53e3fc1" testListId="8c84fa94-04c1-424b-9868-57a2d4851a1d" />
  </TestEntries>
  <TestLists>
    <TestList name="Results Not in a List" id="8c84fa94-04c1-424b-9868-57a2d4851a1d" />
    <TestList name="All Loaded Results" id="19431567-8539-422a-85d7-44ee4e166bda" />
  </TestLists>
  <ResultSummary outcome="Failed">
    <Counters total="13" executed="13" passed="7" failed="6" error="0" timeout="0" aborted="0" inconclusive="0" passedButRunAborted="0" notRunnable="0" notExecuted="0" disconnected="0" warning="0" completed="0" inProgress="0" pending="0" />
    <Output>
      <StdOut>Logging TestHost Diagnostics in file: /home/XunitTrx/TestResults/log.host.19-04-20_11-29-32_34980_5.txt[xUnit.net 00:00:00.00] xUnit.net VSTest Adapter v2.4.1 (64-bit .NET Core 4.6.27521.02)[xUnit.net 00:00:00.43]   Discovering: XunitTrx[xUnit.net 00:00:00.52]   Discovered:  XunitTrx[xUnit.net 00:00:00.52]   Starting:    XunitTrx[xUnit.net 00:00:00.69]       Assert.Equal() Failure[xUnit.net 00:00:00.69]       Expected: 1[xUnit.net 00:00:00.69]       Actual:   2[xUnit.net 00:00:00.70]       Stack Trace:[xUnit.net 00:00:00.70]         /home/XunitTrx/XunitTrx/MemberDataTests.cs(51,0): at XunitTrx.MemberDataTests.SerializedPropertyTests(Int32 a, Int32 b)[xUnit.net 00:00:00.70]       Assert.Equal() Failure[xUnit.net 00:00:00.70]       Expected: 1[xUnit.net 00:00:00.70]       Actual:   2[xUnit.net 00:00:00.70]       Stack Trace:[xUnit.net 00:00:00.70]         /home/XunitTrx/XunitTrx/InlineDataTests.cs(20,0): at XunitTrx.InlineDataTests.MultiParamTests(Int32 a, Int32 b)[xUnit.net 00:00:00.71]       Assert.Equal() Failure[xUnit.net 00:00:00.71]       Expected: 1[xUnit.net 00:00:00.71]       Actual:   2[xUnit.net 00:00:00.71]       Stack Trace:[xUnit.net 00:00:00.71]         /home/XunitTrx/XunitTrx/MemberDataTests.cs(37,0): at XunitTrx.MemberDataTests.SerializedMethodTests(Int32 a, Int32 b)[xUnit.net 00:00:00.71]       Assert.True() Failure[xUnit.net 00:00:00.71]       Expected: True[xUnit.net 00:00:00.71]       Actual:   False[xUnit.net 00:00:00.71]       Stack Trace:[xUnit.net 00:00:00.71]         /home/XunitTrx/XunitTrx/InlineDataTests.cs(12,0): at XunitTrx.InlineDataTests.SingleParamTests(Boolean expected)[xUnit.net 00:00:00.79]       Assert.Equal() Failure[xUnit.net 00:00:00.79]       Expected: 1[xUnit.net 00:00:00.79]       Actual:   2[xUnit.net 00:00:00.79]       Stack Trace:[xUnit.net 00:00:00.79]         /home/XunitTrx/XunitTrx/MemberDataTests.cs(44,0): at XunitTrx.MemberDataTests.NonSerializedMethodTests(NonSerializable obj)[xUnit.net 00:00:00.79]       Assert.Equal() Failure[xUnit.net 00:00:00.80]       Expected: 1[xUnit.net 00:00:00.80]       Actual:   2[xUnit.net 00:00:00.80]       Stack Trace:[xUnit.net 00:00:00.80]         /home/XunitTrx/XunitTrx/MemberDataTests.cs(58,0): at XunitTrx.MemberDataTests.NonSerializedPropertyTests(NonSerializable obj)[xUnit.net 00:00:00.80]   Finished:    XunitTrx</StdOut>
    </Output>
    <RunInfos>
      <RunInfo computerName="f186517628f8" outcome="Error" timestamp="2019-04-20T11:29:33.6005385+00:00">
        <Text>[xUnit.net 00:00:00.69]     XunitTrx.MemberDataTests.SerializedPropertyTests(a: 1, b: 2) [FAIL]</Text>
      </RunInfo>
      <RunInfo computerName="f186517628f8" outcome="Error" timestamp="2019-04-20T11:29:33.6104905+00:00">
        <Text>[xUnit.net 00:00:00.70]     XunitTrx.InlineDataTests.MultiParamTests(a: 1, b: 2) [FAIL]</Text>
      </RunInfo>
      <RunInfo computerName="f186517628f8" outcome="Error" timestamp="2019-04-20T11:29:33.6159482+00:00">
        <Text>[xUnit.net 00:00:00.71]     XunitTrx.MemberDataTests.SerializedMethodTests(a: 1, b: 2) [FAIL]</Text>
      </RunInfo>
      <RunInfo computerName="f186517628f8" outcome="Error" timestamp="2019-04-20T11:29:33.6206266+00:00">
        <Text>[xUnit.net 00:00:00.71]     XunitTrx.InlineDataTests.SingleParamTests(expected: False) [FAIL]</Text>
      </RunInfo>
      <RunInfo computerName="f186517628f8" outcome="Error" timestamp="2019-04-20T11:29:33.7744218+00:00">
        <Text>[xUnit.net 00:00:00.79]     XunitTrx.MemberDataTests.NonSerializedMethodTests(obj: NonSerializable { A = 1, B = 2 }) [FAIL]</Text>
      </RunInfo>
      <RunInfo computerName="f186517628f8" outcome="Error" timestamp="2019-04-20T11:29:33.7746243+00:00">
        <Text>[xUnit.net 00:00:00.79]     XunitTrx.MemberDataTests.NonSerializedPropertyTests(obj: NonSerializable { A = 1, B = 2 }) [FAIL]</Text>
      </RunInfo>
    </RunInfos>
  </ResultSummary>
</TestRun>